  [1m[35m (121.5ms)[0m  [1m[35mCREATE DATABASE "cats99_development" ENCODING = 'unicode'[0m
  ↳ bin/rails:9
  [1m[35m (47.9ms)[0m  [1m[35mCREATE DATABASE "cats99_test" ENCODING = 'unicode'[0m
  ↳ bin/rails:9
  [1m[35m (54.2ms)[0m  [1m[35mCREATE TABLE "schema_migrations" ("version" character varying NOT NULL PRIMARY KEY)[0m
  ↳ bin/rails:9
  [1m[35m (12.2ms)[0m  [1m[35mCREATE TABLE "ar_internal_metadata" ("key" character varying NOT NULL PRIMARY KEY, "value" character varying, "created_at" timestamp NOT NULL, "updated_at" timestamp NOT NULL)[0m
  ↳ bin/rails:9
  [1m[35m (0.8ms)[0m  [1m[34mSELECT pg_try_advisory_lock(7809834472913233005)[0m
  ↳ bin/rails:9
  [1m[35m (1.3ms)[0m  [1m[34mSELECT "schema_migrations"."version" FROM "schema_migrations" ORDER BY "schema_migrations"."version" ASC[0m
  ↳ bin/rails:9
Migrating to CreateCats (20211112154050)
  [1m[35m (21.8ms)[0m  [1m[35mBEGIN[0m
  ↳ bin/rails:9
  [1m[35m (101.3ms)[0m  [1m[35mCREATE TABLE "cats" ("id" bigserial primary key, "birth_date" date NOT NULL, "color" character varying NOT NULL, "name" character varying NOT NULL, "sex" character varying(1) NOT NULL, "description" text NOT NULL, "created_at" timestamp NOT NULL, "updated_at" timestamp NOT NULL)[0m
  ↳ db/migrate/20211112154050_create_cats.rb:3
  [1m[36mActiveRecord::SchemaMigration Create (55.7ms)[0m  [1m[32mINSERT INTO "schema_migrations" ("version") VALUES ($1) RETURNING "version"[0m  [["version", "20211112154050"]]
  ↳ bin/rails:9
  [1m[35m (0.9ms)[0m  [1m[35mCOMMIT[0m
  ↳ bin/rails:9
  [1m[36mActiveRecord::InternalMetadata Load (1.8ms)[0m  [1m[34mSELECT  "ar_internal_metadata".* FROM "ar_internal_metadata" WHERE "ar_internal_metadata"."key" = $1 LIMIT $2[0m  [["key", "environment"], ["LIMIT", 1]]
  ↳ bin/rails:9
  [1m[35m (0.1ms)[0m  [1m[35mBEGIN[0m
  ↳ bin/rails:9
  [1m[36mActiveRecord::InternalMetadata Create (2.1ms)[0m  [1m[32mINSERT INTO "ar_internal_metadata" ("key", "value", "created_at", "updated_at") VALUES ($1, $2, $3, $4) RETURNING "key"[0m  [["key", "environment"], ["value", "development"], ["created_at", "2021-11-12 15:45:19.801779"], ["updated_at", "2021-11-12 15:45:19.801779"]]
  ↳ bin/rails:9
  [1m[35m (0.3ms)[0m  [1m[35mCOMMIT[0m
  ↳ bin/rails:9
  [1m[35m (0.3ms)[0m  [1m[34mSELECT pg_advisory_unlock(7809834472913233005)[0m
  ↳ bin/rails:9
  [1m[35m (20.8ms)[0m  [1m[34mSELECT "schema_migrations"."version" FROM "schema_migrations" ORDER BY "schema_migrations"."version" ASC[0m
  ↳ bin/rails:9
  [1m[35m (1.7ms)[0m  [1m[34mSELECT "schema_migrations"."version" FROM "schema_migrations" ORDER BY "schema_migrations"."version" ASC[0m
  ↳ /Users/jcigale/.rbenv/versions/2.7.2/bin/annotate:23
  [1m[35m (0.6ms)[0m  [1m[34mSELECT "schema_migrations"."version" FROM "schema_migrations" ORDER BY "schema_migrations"."version" ASC[0m
  ↳ /Users/jcigale/.rbenv/versions/2.7.2/bin/annotate:23
  [1m[35m (0.7ms)[0m  [1m[34mSELECT "schema_migrations"."version" FROM "schema_migrations" ORDER BY "schema_migrations"."version" ASC[0m
  ↳ bin/rails:9
  [1m[35m (0.6ms)[0m  [1m[34mSELECT "schema_migrations"."version" FROM "schema_migrations" ORDER BY "schema_migrations"."version" ASC[0m
  ↳ bin/rails:9
  [1m[36mCat Load (6.4ms)[0m  [1m[34mSELECT "cats".* FROM "cats"[0m
  ↳ db/seeds.rb:8
  [1m[35m (0.1ms)[0m  [1m[35mBEGIN[0m
  ↳ db/seeds.rb:10
  [1m[36mCat Create (7.7ms)[0m  [1m[32mINSERT INTO "cats" ("birth_date", "color", "name", "sex", "description", "created_at", "updated_at") VALUES ($1, $2, $3, $4, $5, $6, $7) RETURNING "id"[0m  [["birth_date", "2004-08-12"], ["color", "brown"], ["name", "choco"], ["sex", "M"], ["description", "Evil little brown cat"], ["created_at", "2021-11-12 16:09:52.092869"], ["updated_at", "2021-11-12 16:09:52.092869"]]
  ↳ db/seeds.rb:10
  [1m[35m (0.8ms)[0m  [1m[35mCOMMIT[0m
  ↳ db/seeds.rb:10
  [1m[35m (1.7ms)[0m  [1m[34mSELECT "schema_migrations"."version" FROM "schema_migrations" ORDER BY "schema_migrations"."version" ASC[0m
  ↳ bin/rails:9
  [1m[36mCat Load (1.2ms)[0m  [1m[34mSELECT "cats".* FROM "cats"[0m
  ↳ db/seeds.rb:8
  [1m[35m (0.2ms)[0m  [1m[35mBEGIN[0m
  ↳ db/seeds.rb:8
  [1m[36mCat Destroy (6.9ms)[0m  [1m[31mDELETE FROM "cats" WHERE "cats"."id" = $1[0m  [["id", 1]]
  ↳ db/seeds.rb:8
  [1m[35m (1.0ms)[0m  [1m[35mCOMMIT[0m
  ↳ db/seeds.rb:8
  [1m[35m (0.1ms)[0m  [1m[35mBEGIN[0m
  ↳ db/seeds.rb:10
  [1m[36mCat Create (0.8ms)[0m  [1m[32mINSERT INTO "cats" ("birth_date", "color", "name", "sex", "description", "created_at", "updated_at") VALUES ($1, $2, $3, $4, $5, $6, $7) RETURNING "id"[0m  [["birth_date", "2012-08-12"], ["color", "brown"], ["name", "choco"], ["sex", "M"], ["description", "Evil little brown cat"], ["created_at", "2021-11-12 16:17:56.204036"], ["updated_at", "2021-11-12 16:17:56.204036"]]
  ↳ db/seeds.rb:10
  [1m[35m (0.2ms)[0m  [1m[35mCOMMIT[0m
  ↳ db/seeds.rb:10
  [1m[35m (0.1ms)[0m  [1m[35mBEGIN[0m
  ↳ db/seeds.rb:11
  [1m[36mCat Create (0.4ms)[0m  [1m[32mINSERT INTO "cats" ("birth_date", "color", "name", "sex", "description", "created_at", "updated_at") VALUES ($1, $2, $3, $4, $5, $6, $7) RETURNING "id"[0m  [["birth_date", "2016-09-11"], ["color", "orange"], ["name", "basketball"], ["sex", "M"], ["description", "Fat round orange cat, looks like a basketball"], ["created_at", "2021-11-12 16:17:56.205775"], ["updated_at", "2021-11-12 16:17:56.205775"]]
  ↳ db/seeds.rb:11
  [1m[35m (0.2ms)[0m  [1m[35mCOMMIT[0m
  ↳ db/seeds.rb:11
  [1m[35m (0.1ms)[0m  [1m[35mBEGIN[0m
  ↳ db/seeds.rb:12
  [1m[36mCat Create (0.4ms)[0m  [1m[32mINSERT INTO "cats" ("birth_date", "color", "name", "sex", "description", "created_at", "updated_at") VALUES ($1, $2, $3, $4, $5, $6, $7) RETURNING "id"[0m  [["birth_date", "2007-01-23"], ["color", "brown"], ["name", "mud"], ["sex", "F"], ["description", "Rough and tough large cat"], ["created_at", "2021-11-12 16:17:56.206914"], ["updated_at", "2021-11-12 16:17:56.206914"]]
  ↳ db/seeds.rb:12
  [1m[35m (0.2ms)[0m  [1m[35mCOMMIT[0m
  ↳ db/seeds.rb:12
  [1m[35m (0.1ms)[0m  [1m[35mBEGIN[0m
  ↳ db/seeds.rb:13
  [1m[36mCat Create (0.6ms)[0m  [1m[32mINSERT INTO "cats" ("birth_date", "color", "name", "sex", "description", "created_at", "updated_at") VALUES ($1, $2, $3, $4, $5, $6, $7) RETURNING "id"[0m  [["birth_date", "2018-04-20"], ["color", "gray"], ["name", "dusty"], ["sex", "F"], ["description", "Creepy little cat, likes to lerk in the shadows"], ["created_at", "2021-11-12 16:17:56.208057"], ["updated_at", "2021-11-12 16:17:56.208057"]]
  ↳ db/seeds.rb:13
  [1m[35m (0.3ms)[0m  [1m[35mCOMMIT[0m
  ↳ db/seeds.rb:13
  [1m[35m (0.1ms)[0m  [1m[35mBEGIN[0m
  ↳ db/seeds.rb:14
  [1m[36mCat Create (0.5ms)[0m  [1m[32mINSERT INTO "cats" ("birth_date", "color", "name", "sex", "description", "created_at", "updated_at") VALUES ($1, $2, $3, $4, $5, $6, $7) RETURNING "id"[0m  [["birth_date", "1956-12-26"], ["color", "white"], ["name", "snow"], ["sex", "F"], ["description", "Fancy white puff ball cat"], ["created_at", "2021-11-12 16:17:56.209447"], ["updated_at", "2021-11-12 16:17:56.209447"]]
  ↳ db/seeds.rb:14
  [1m[35m (0.2ms)[0m  [1m[35mCOMMIT[0m
  ↳ db/seeds.rb:14
  [1m[35m (0.1ms)[0m  [1m[35mBEGIN[0m
  ↳ db/seeds.rb:15
  [1m[36mCat Create (0.5ms)[0m  [1m[32mINSERT INTO "cats" ("birth_date", "color", "name", "sex", "description", "created_at", "updated_at") VALUES ($1, $2, $3, $4, $5, $6, $7) RETURNING "id"[0m  [["birth_date", "2019-06-13"], ["color", "black"], ["name", "obsidian"], ["sex", "M"], ["description", "Sleek beautiful cat, dark as night"], ["created_at", "2021-11-12 16:17:56.210697"], ["updated_at", "2021-11-12 16:17:56.210697"]]
  ↳ db/seeds.rb:15
  [1m[35m (0.2ms)[0m  [1m[35mCOMMIT[0m
  ↳ db/seeds.rb:15
Started GET "/" for ::1 at 2021-11-12 11:18:41 -0500
  [1m[35m (1.3ms)[0m  [1m[34mSELECT "schema_migrations"."version" FROM "schema_migrations" ORDER BY "schema_migrations"."version" ASC[0m
  ↳ /Users/jcigale/.rbenv/versions/2.7.2/lib/ruby/gems/2.7.0/gems/activerecord-5.2.6/lib/active_record/log_subscriber.rb:98
Processing by Rails::WelcomeController#index as HTML
  Rendering /Users/jcigale/.rbenv/versions/2.7.2/lib/ruby/gems/2.7.0/gems/railties-5.2.6/lib/rails/templates/rails/welcome/index.html.erb
  Rendered /Users/jcigale/.rbenv/versions/2.7.2/lib/ruby/gems/2.7.0/gems/railties-5.2.6/lib/rails/templates/rails/welcome/index.html.erb (2.1ms)
Completed 200 OK in 9ms (Views: 6.0ms | ActiveRecord: 0.0ms)


Started GET "/" for ::1 at 2021-11-12 11:18:51 -0500
Processing by Rails::WelcomeController#index as HTML
  Rendering /Users/jcigale/.rbenv/versions/2.7.2/lib/ruby/gems/2.7.0/gems/railties-5.2.6/lib/rails/templates/rails/welcome/index.html.erb
  Rendered /Users/jcigale/.rbenv/versions/2.7.2/lib/ruby/gems/2.7.0/gems/railties-5.2.6/lib/rails/templates/rails/welcome/index.html.erb (2.4ms)
Completed 200 OK in 4ms (Views: 3.2ms | ActiveRecord: 0.0ms)


Started GET "/cats" for ::1 at 2021-11-12 11:18:55 -0500
Processing by CatsController#index as HTML
  [1m[36mCat Load (2.4ms)[0m  [1m[34mSELECT  "cats".* FROM "cats" LIMIT $1[0m  [["LIMIT", 11]]
  ↳ /Users/jcigale/.rbenv/versions/2.7.2/lib/ruby/gems/2.7.0/gems/activerecord-5.2.6/lib/active_record/log_subscriber.rb:98
  [1m[36mCACHE Cat Load (0.0ms)[0m  [1m[34mSELECT  "cats".* FROM "cats" LIMIT $1[0m  [["LIMIT", 11]]
  ↳ /Users/jcigale/.rbenv/versions/2.7.2/lib/ruby/gems/2.7.0/gems/activerecord-5.2.6/lib/active_record/log_subscriber.rb:98
Completed 500 Internal Server Error in 93ms (ActiveRecord: 0.0ms)


  [1m[36mCACHE Cat Load (0.0ms)[0m  [1m[34mSELECT  "cats".* FROM "cats" LIMIT $1[0m  [["LIMIT", 11]]
  ↳ /Users/jcigale/.rbenv/versions/2.7.2/lib/ruby/gems/2.7.0/gems/activerecord-5.2.6/lib/active_record/log_subscriber.rb:98
  [1m[36mCACHE Cat Load (0.0ms)[0m  [1m[34mSELECT  "cats".* FROM "cats" LIMIT $1[0m  [["LIMIT", 11]]
  ↳ /Users/jcigale/.rbenv/versions/2.7.2/lib/ruby/gems/2.7.0/gems/activerecord-5.2.6/lib/active_record/log_subscriber.rb:98

NameError - undefined local variable or method `cats' for #<CatsController:0x00000001070167d0>
Did you mean?  @cats:
  app/controllers/cats_controller.rb:4:in `index'

Started POST "/__better_errors/c2089c5979a51c26/variables" for ::1 at 2021-11-12 11:18:55 -0500
  [1m[36mCat Load (0.3ms)[0m  [1m[34mSELECT  "cats".* FROM "cats" LIMIT $1[0m  [["LIMIT", 11]]
  ↳ /Users/jcigale/.rbenv/versions/2.7.2/lib/ruby/gems/2.7.0/gems/activerecord-5.2.6/lib/active_record/log_subscriber.rb:98
Started GET "/cats" for ::1 at 2021-11-12 11:19:04 -0500
Processing by CatsController#index as HTML
  [1m[36mCat Load (0.7ms)[0m  [1m[34mSELECT "cats".* FROM "cats"[0m
  ↳ app/controllers/cats_controller.rb:4
Completed 200 OK in 22ms (Views: 5.9ms | ActiveRecord: 14.4ms)


Started GET "/cats" for ::1 at 2021-11-12 11:21:18 -0500
Processing by CatsController#index as HTML
  [1m[36mCat Load (1.1ms)[0m  [1m[34mSELECT "cats".* FROM "cats"[0m
  ↳ app/controllers/cats_controller.rb:4
Completed 200 OK in 5ms (Views: 2.8ms | ActiveRecord: 1.1ms)


Started GET "/" for ::1 at 2021-11-12 11:59:03 -0500
Processing by Rails::WelcomeController#index as HTML
  Rendering /Users/jcigale/.rbenv/versions/2.7.2/lib/ruby/gems/2.7.0/gems/railties-5.2.6/lib/rails/templates/rails/welcome/index.html.erb
  Rendered /Users/jcigale/.rbenv/versions/2.7.2/lib/ruby/gems/2.7.0/gems/railties-5.2.6/lib/rails/templates/rails/welcome/index.html.erb (3.8ms)
Completed 200 OK in 9ms (Views: 4.8ms | ActiveRecord: 0.0ms)


Started GET "/users" for ::1 at 2021-11-12 11:59:09 -0500
  
ActionController::RoutingError (No route matches [GET] "/users"):
  
actionpack (5.2.6) lib/action_dispatch/middleware/debug_exceptions.rb:65:in `call'
web-console (3.7.0) lib/web_console/middleware.rb:135:in `call_app'
web-console (3.7.0) lib/web_console/middleware.rb:30:in `block in call'
web-console (3.7.0) lib/web_console/middleware.rb:20:in `catch'
web-console (3.7.0) lib/web_console/middleware.rb:20:in `call'
actionpack (5.2.6) lib/action_dispatch/middleware/show_exceptions.rb:33:in `call'
railties (5.2.6) lib/rails/rack/logger.rb:38:in `call_app'
railties (5.2.6) lib/rails/rack/logger.rb:26:in `block in call'
activesupport (5.2.6) lib/active_support/tagged_logging.rb:71:in `block in tagged'
activesupport (5.2.6) lib/active_support/tagged_logging.rb:28:in `tagged'
activesupport (5.2.6) lib/active_support/tagged_logging.rb:71:in `tagged'
railties (5.2.6) lib/rails/rack/logger.rb:26:in `call'
sprockets-rails (3.3.0) lib/sprockets/rails/quiet_assets.rb:13:in `call'
actionpack (5.2.6) lib/action_dispatch/middleware/remote_ip.rb:81:in `call'
actionpack (5.2.6) lib/action_dispatch/middleware/request_id.rb:27:in `call'
rack (2.2.3) lib/rack/method_override.rb:24:in `call'
rack (2.2.3) lib/rack/runtime.rb:22:in `call'
activesupport (5.2.6) lib/active_support/cache/strategy/local_cache_middleware.rb:29:in `call'
actionpack (5.2.6) lib/action_dispatch/middleware/executor.rb:14:in `call'
actionpack (5.2.6) lib/action_dispatch/middleware/static.rb:127:in `call'
rack (2.2.3) lib/rack/sendfile.rb:110:in `call'
railties (5.2.6) lib/rails/engine.rb:524:in `call'
puma (3.12.6) lib/puma/configuration.rb:227:in `call'
puma (3.12.6) lib/puma/server.rb:706:in `handle_request'
puma (3.12.6) lib/puma/server.rb:476:in `process_client'
puma (3.12.6) lib/puma/server.rb:334:in `block in run'
puma (3.12.6) lib/puma/thread_pool.rb:135:in `block in spawn_thread'
Started GET "/cats" for ::1 at 2021-11-12 11:59:24 -0500
Processing by CatsController#index as HTML
Completed 500 Internal Server Error in 3ms (ActiveRecord: 0.0ms)



ActionView::MissingTemplate - Missing template cats/index, application/index with {:locale=>[:en], :formats=>[:html], :variants=>[], :handlers=>[:raw, :erb, :html, :builder, :ruby, :coffee, :jbuilder]}. Searched in:
  * "/Users/jcigale/Dropbox/My Mac (TheButtonMashee)/Desktop/Classwork/week6/cats99/app/views":
  app/controllers/cats_controller.rb:4:in `index'

Started POST "/__better_errors/4cdaf0afd0fa6fa3/variables" for ::1 at 2021-11-12 11:59:24 -0500
  [1m[36mCat Load (17.9ms)[0m  [1m[34mSELECT  "cats".* FROM "cats" LIMIT $1[0m  [["LIMIT", 11]]
  ↳ /Users/jcigale/.rbenv/versions/2.7.2/lib/ruby/gems/2.7.0/gems/activerecord-5.2.6/lib/active_record/log_subscriber.rb:98
Started GET "/cats" for ::1 at 2021-11-12 12:00:40 -0500
Processing by CatsController#index as HTML
  Rendering cats/index.html.erb within layouts/application
  Rendered cats/index.html.erb within layouts/application (0.4ms)
Completed 200 OK in 181ms (Views: 180.5ms | ActiveRecord: 0.0ms)


Started GET "/cats" for ::1 at 2021-11-12 12:02:18 -0500
Processing by CatsController#index as HTML
  Rendering cats/index.html.erb within layouts/application
  [1m[36mCat Load (0.9ms)[0m  [1m[34mSELECT "cats".* FROM "cats"[0m
  ↳ app/views/cats/index.html.erb:4
  Rendered cats/index.html.erb within layouts/application (2.8ms)
Completed 200 OK in 10ms (Views: 8.5ms | ActiveRecord: 0.9ms)


Started GET "/cats/2" for ::1 at 2021-11-12 12:02:28 -0500
Processing by CatsController#show as HTML
  Parameters: {"id"=>"2"}
  [1m[36mCat Load (0.8ms)[0m  [1m[34mSELECT  "cats".* FROM "cats" WHERE "cats"."id" = $1 LIMIT $2[0m  [["id", 2], ["LIMIT", 1]]
  ↳ app/controllers/cats_controller.rb:8
  Rendering cats/show.html.erb within layouts/application
  Rendered cats/show.html.erb within layouts/application (6.9ms)
Completed 500 Internal Server Error in 24ms (ActiveRecord: 0.8ms)



NoMethodError - undefined method `age' for #<Cat:0x00000001070ceda8>:
  app/views/cats/show.html.erb:11:in `block in _app_views_cats_show_html_erb___475277030394928256_20340'
  app/views/cats/show.html.erb:8:in `_app_views_cats_show_html_erb___475277030394928256_20340'
  app/controllers/cats_controller.rb:9:in `show'

Started POST "/__better_errors/779beb7466dada8b/variables" for ::1 at 2021-11-12 12:02:28 -0500
Started GET "/cats/2" for ::1 at 2021-11-12 12:03:30 -0500
Processing by CatsController#show as HTML
  Parameters: {"id"=>"2"}
  [1m[36mCat Load (0.5ms)[0m  [1m[34mSELECT  "cats".* FROM "cats" WHERE "cats"."id" = $1 LIMIT $2[0m  [["id", 2], ["LIMIT", 1]]
  ↳ app/controllers/cats_controller.rb:8
  Rendering cats/show.html.erb within layouts/application
  Rendered cats/show.html.erb within layouts/application (6.4ms)
Completed 500 Internal Server Error in 40ms (ActiveRecord: 23.9ms)



NoMethodError - undefined method `age' for #<Cat:0x000000010712fd38>:
  app/views/cats/show.html.erb:11:in `block in _app_views_cats_show_html_erb___475277030394928256_22560'
  app/views/cats/show.html.erb:8:in `_app_views_cats_show_html_erb___475277030394928256_22560'
  app/controllers/cats_controller.rb:9:in `show'

Started POST "/__better_errors/35d05150f7613fa0/variables" for ::1 at 2021-11-12 12:03:30 -0500
Started GET "/cats/2" for ::1 at 2021-11-12 12:04:48 -0500
Processing by CatsController#show as HTML
  Parameters: {"id"=>"2"}
  [1m[36mCat Load (0.7ms)[0m  [1m[34mSELECT  "cats".* FROM "cats" WHERE "cats"."id" = $1 LIMIT $2[0m  [["id", 2], ["LIMIT", 1]]
  ↳ app/controllers/cats_controller.rb:8
  Rendering cats/show.html.erb within layouts/application
  Rendered cats/show.html.erb within layouts/application (1.6ms)
Completed 500 Internal Server Error in 7ms (ActiveRecord: 0.7ms)



SyntaxError - unknown regexp options - tr
    </tr>
     ^~~
/Users/jcigale/Dropbox/My Mac (TheButtonMashee)/Desktop/Classwork/week6/cats99/app/views/cats/show.html.erb:12: unmatched close parenthesis: /td> );@output_buffer.safe_append='
    </
/Users/jcigale/Dropbox/My Mac (TheButtonMashee)/Desktop/Classwork/week6/cats99/app/views/cats/show.html.erb:19: unterminated regexp meets end of file
          end
             ^
/Users/jcigale/Dropbox/My Mac (TheButtonMashee)/Desktop/Classwork/week6/cats99/app/views/cats/show.html.erb:19: syntax error, unexpected end-of-input, expecting ')':
  app/views/cats/show.html.erb:12:in `'
  app/controllers/cats_controller.rb:9:in `show'

Started POST "/__better_errors/72b551e1a95ed3b0/variables" for ::1 at 2021-11-12 12:04:48 -0500
Started GET "/cats/2" for ::1 at 2021-11-12 12:05:04 -0500
Processing by CatsController#show as HTML
  Parameters: {"id"=>"2"}
  [1m[36mCat Load (1.0ms)[0m  [1m[34mSELECT  "cats".* FROM "cats" WHERE "cats"."id" = $1 LIMIT $2[0m  [["id", 2], ["LIMIT", 1]]
  ↳ app/controllers/cats_controller.rb:8
  Rendering cats/show.html.erb within layouts/application
  Rendered cats/show.html.erb within layouts/application (0.8ms)
Completed 500 Internal Server Error in 6ms (ActiveRecord: 1.0ms)



SyntaxError - unknown regexp options - tr
    </tr>
     ^~~
/Users/jcigale/Dropbox/My Mac (TheButtonMashee)/Desktop/Classwork/week6/cats99/app/views/cats/show.html.erb:12: unmatched close parenthesis: /td> );@output_buffer.safe_append='
    </
/Users/jcigale/Dropbox/My Mac (TheButtonMashee)/Desktop/Classwork/week6/cats99/app/views/cats/show.html.erb:19: unterminated regexp meets end of file
          end
             ^
/Users/jcigale/Dropbox/My Mac (TheButtonMashee)/Desktop/Classwork/week6/cats99/app/views/cats/show.html.erb:19: syntax error, unexpected end-of-input, expecting ')':
  app/views/cats/show.html.erb:12:in `'
  app/controllers/cats_controller.rb:9:in `show'

Started POST "/__better_errors/18ae02c66780aabc/variables" for ::1 at 2021-11-12 12:05:04 -0500
Started GET "/cats/2" for ::1 at 2021-11-12 12:07:37 -0500
Processing by CatsController#show as HTML
  Parameters: {"id"=>"2"}
  [1m[36mCat Load (4.0ms)[0m  [1m[34mSELECT  "cats".* FROM "cats" WHERE "cats"."id" = $1 LIMIT $2[0m  [["id", 2], ["LIMIT", 1]]
  ↳ app/controllers/cats_controller.rb:8
  Rendering cats/show.html.erb within layouts/application
  Rendered cats/show.html.erb within layouts/application (9.0ms)
Completed 500 Internal Server Error in 19ms (ActiveRecord: 4.0ms)



NoMethodError - undefined method `age' for #<Cat:0x0000000111cfd4d0>:
  app/views/cats/show.html.erb:11:in `block in _app_views_cats_show_html_erb___475277030394928256_22780'
  app/views/cats/show.html.erb:8:in `_app_views_cats_show_html_erb___475277030394928256_22780'
  app/controllers/cats_controller.rb:9:in `show'

Started POST "/__better_errors/8de2f60f42a36113/variables" for ::1 at 2021-11-12 12:07:37 -0500
Started GET "/cats/2" for ::1 at 2021-11-12 12:08:06 -0500
  [1m[35m (0.8ms)[0m  [1m[34mSELECT "schema_migrations"."version" FROM "schema_migrations" ORDER BY "schema_migrations"."version" ASC[0m
  ↳ /Users/jcigale/.rbenv/versions/2.7.2/lib/ruby/gems/2.7.0/gems/activerecord-5.2.6/lib/active_record/log_subscriber.rb:98
Processing by CatsController#show as HTML
  Parameters: {"id"=>"2"}
  [1m[36mCat Load (0.3ms)[0m  [1m[34mSELECT  "cats".* FROM "cats" WHERE "cats"."id" = $1 LIMIT $2[0m  [["id", 2], ["LIMIT", 1]]
  ↳ app/controllers/cats_controller.rb:8
  Rendering cats/show.html.erb within layouts/application
  Rendered cats/show.html.erb within layouts/application (0.4ms)
Completed 200 OK in 96ms (Views: 72.9ms | ActiveRecord: 13.5ms)


Started GET "/cats/2" for ::1 at 2021-11-12 12:09:19 -0500
Processing by CatsController#show as HTML
  Parameters: {"id"=>"2"}
  [1m[36mCat Load (0.9ms)[0m  [1m[34mSELECT  "cats".* FROM "cats" WHERE "cats"."id" = $1 LIMIT $2[0m  [["id", 2], ["LIMIT", 1]]
  ↳ app/controllers/cats_controller.rb:8
  Rendering cats/show.html.erb within layouts/application
  Rendered cats/show.html.erb within layouts/application (1.7ms)
Completed 500 Internal Server Error in 29ms (ActiveRecord: 16.5ms)



ArgumentError - nil can't be converted to a Time value:
  app/models/cat.rb:26:in `age'
  app/views/cats/show.html.erb:11:in `block in _app_views_cats_show_html_erb___4136923779621724963_17000'
  app/views/cats/show.html.erb:8:in `_app_views_cats_show_html_erb___4136923779621724963_17000'
  app/controllers/cats_controller.rb:9:in `show'

Started POST "/__better_errors/561b3c2c9fb0c397/variables" for ::1 at 2021-11-12 12:09:19 -0500
Started GET "/cats" for ::1 at 2021-11-12 12:09:29 -0500
Processing by CatsController#index as HTML
  Rendering cats/index.html.erb within layouts/application
  [1m[36mCat Load (1.1ms)[0m  [1m[34mSELECT "cats".* FROM "cats"[0m
  ↳ app/views/cats/index.html.erb:4
  Rendered cats/index.html.erb within layouts/application (2.5ms)
Completed 200 OK in 9ms (Views: 7.1ms | ActiveRecord: 1.1ms)


Started GET "/cats" for ::1 at 2021-11-12 12:09:50 -0500
  [1m[35m (0.7ms)[0m  [1m[34mSELECT "schema_migrations"."version" FROM "schema_migrations" ORDER BY "schema_migrations"."version" ASC[0m
  ↳ /Users/jcigale/.rbenv/versions/2.7.2/lib/ruby/gems/2.7.0/gems/activerecord-5.2.6/lib/active_record/log_subscriber.rb:98
Processing by CatsController#index as HTML
  Rendering cats/index.html.erb within layouts/application
  [1m[36mCat Load (1.2ms)[0m  [1m[34mSELECT "cats".* FROM "cats"[0m
  ↳ app/views/cats/index.html.erb:4
  Rendered cats/index.html.erb within layouts/application (16.2ms)
Completed 200 OK in 81ms (Views: 65.2ms | ActiveRecord: 12.5ms)


Started GET "/cats" for ::1 at 2021-11-12 12:10:12 -0500
Processing by CatsController#index as HTML
  [1m[36mCat Load (0.6ms)[0m  [1m[34mSELECT  "cats".* FROM "cats" LIMIT $1[0m  [["LIMIT", 11]]
  ↳ app/controllers/cats_controller.rb:5
Started GET "/cats" for ::1 at 2021-11-12 12:10:51 -0500
  Rendering cats/index.html.erb within layouts/application
  [1m[36mCat Load (1.0ms)[0m  [1m[34mSELECT "cats".* FROM "cats"[0m
  ↳ app/views/cats/index.html.erb:4
  Rendered cats/index.html.erb within layouts/application (2.5ms)
Completed 200 OK in 39151ms (Views: 10.0ms | ActiveRecord: 19.4ms)


Processing by CatsController#index as HTML
  Rendering cats/index.html.erb within layouts/application
  [1m[36mCat Load (2.4ms)[0m  [1m[34mSELECT "cats".* FROM "cats"[0m
  ↳ app/views/cats/index.html.erb:4
  Rendered cats/index.html.erb within layouts/application (21.0ms)
Completed 200 OK in 1830ms (Views: 6.1ms | ActiveRecord: 17.9ms)


Started GET "/cats" for ::1 at 2021-11-12 12:11:22 -0500
Processing by CatsController#index as HTML
  [1m[36mCat Load (2.7ms)[0m  [1m[34mSELECT  "cats".* FROM "cats" LIMIT $1[0m  [["LIMIT", 11]]
  ↳ app/controllers/cats_controller.rb:5
  [1m[36mCACHE Cat Load (0.0ms)[0m  [1m[34mSELECT  "cats".* FROM "cats" LIMIT $1[0m  [["LIMIT", 11]]
  ↳ app/controllers/cats_controller.rb:5
  [1m[36mCACHE Cat Load (0.0ms)[0m  [1m[34mSELECT  "cats".* FROM "cats" LIMIT $1[0m  [["LIMIT", 11]]
  ↳ app/controllers/cats_controller.rb:5
  Rendering cats/index.html.erb within layouts/application
  [1m[36mCACHE Cat Load (0.0ms)[0m  [1m[34mSELECT  "cats".* FROM "cats" LIMIT $1[0m  [["LIMIT", 11]]
  ↳ app/views/cats/index.html.erb:5
  [1m[36mCat Load (22.4ms)[0m  [1m[34mSELECT  "cats".* FROM "cats" ORDER BY "cats"."id" ASC LIMIT $1[0m  [["LIMIT", 1]]
  ↳ (byebug):1
  [1m[36mCat Load (3.8ms)[0m  [1m[34mSELECT "cats".* FROM "cats"[0m
  ↳ (byebug):1
  Rendered cats/index.html.erb within layouts/application (218102.6ms)
Completed 500 Internal Server Error in 251161ms (ActiveRecord: 28.9ms)



SystemExit - exit:
  (byebug):1:in `_app_views_cats_index_html_erb__3723507928214903726_19380'
  app/views/cats/index.html.erb:5:in `_app_views_cats_index_html_erb__3723507928214903726_19380'
  app/controllers/cats_controller.rb:5:in `index'

Started POST "/__better_errors/718118ac6c344bc5/variables" for ::1 at 2021-11-12 12:15:33 -0500
Started GET "/cats" for ::1 at 2021-11-12 12:15:57 -0500
  [1m[35m (1.5ms)[0m  [1m[34mSELECT "schema_migrations"."version" FROM "schema_migrations" ORDER BY "schema_migrations"."version" ASC[0m
  ↳ /Users/jcigale/.rbenv/versions/2.7.2/lib/ruby/gems/2.7.0/gems/activerecord-5.2.6/lib/active_record/log_subscriber.rb:98
Processing by CatsController#index as HTML
  [1m[36mCat Load (11.1ms)[0m  [1m[34mSELECT "cats".* FROM "cats"[0m
  ↳ (byebug):1
  Rendering cats/index.html.erb within layouts/application
  Rendered cats/index.html.erb within layouts/application (697.7ms)
Completed 200 OK in 48433ms (Views: 804.4ms | ActiveRecord: 33.9ms)


Started GET "/cats" for ::1 at 2021-11-12 12:16:48 -0500
Processing by CatsController#index as HTML
  [1m[36mCat Load (3.4ms)[0m  [1m[34mSELECT "cats".* FROM "cats"[0m
  ↳ (byebug):1
  Rendering cats/index.html.erb within layouts/application
  Rendered cats/index.html.erb within layouts/application (564.5ms)
Completed 200 OK in 45459ms (Views: 586.8ms | ActiveRecord: 26.8ms)


Started GET "/cats" for ::1 at 2021-11-12 12:18:06 -0500
Processing by CatsController#index as HTML
  Rendering cats/index.html.erb within layouts/application
  [1m[36mCat Load (0.9ms)[0m  [1m[34mSELECT "cats".* FROM "cats"[0m
  ↳ app/views/cats/index.html.erb:4
  Rendered cats/index.html.erb within layouts/application (27.3ms)
Completed 200 OK in 33ms (Views: 8.9ms | ActiveRecord: 22.4ms)


Started GET "/cats/3" for ::1 at 2021-11-12 12:18:10 -0500
Processing by CatsController#show as HTML
  Parameters: {"id"=>"3"}
  [1m[36mCat Load (0.7ms)[0m  [1m[34mSELECT  "cats".* FROM "cats" WHERE "cats"."id" = $1 LIMIT $2[0m  [["id", 3], ["LIMIT", 1]]
  ↳ app/controllers/cats_controller.rb:8
  Rendering cats/show.html.erb within layouts/application
  Rendered cats/show.html.erb within layouts/application (12.8ms)
Completed 200 OK in 25ms (Views: 17.9ms | ActiveRecord: 1.0ms)


Started GET "/cats/4" for ::1 at 2021-11-12 12:18:24 -0500
Processing by CatsController#show as HTML
  Parameters: {"id"=>"4"}
  [1m[36mCat Load (0.8ms)[0m  [1m[34mSELECT  "cats".* FROM "cats" WHERE "cats"."id" = $1 LIMIT $2[0m  [["id", 4], ["LIMIT", 1]]
  ↳ app/controllers/cats_controller.rb:8
  Rendering cats/show.html.erb within layouts/application
  Rendered cats/show.html.erb within layouts/application (0.8ms)
Completed 200 OK in 8ms (Views: 6.0ms | ActiveRecord: 0.8ms)


Started GET "/cats/2" for ::1 at 2021-11-12 12:18:30 -0500
Processing by CatsController#show as HTML
  Parameters: {"id"=>"2"}
  [1m[36mCat Load (0.6ms)[0m  [1m[34mSELECT  "cats".* FROM "cats" WHERE "cats"."id" = $1 LIMIT $2[0m  [["id", 2], ["LIMIT", 1]]
  ↳ app/controllers/cats_controller.rb:8
  Rendering cats/show.html.erb within layouts/application
  Rendered cats/show.html.erb within layouts/application (0.8ms)
Completed 200 OK in 8ms (Views: 6.6ms | ActiveRecord: 0.6ms)


Started GET "/cats/5" for ::1 at 2021-11-12 12:18:33 -0500
Processing by CatsController#show as HTML
  Parameters: {"id"=>"5"}
  [1m[36mCat Load (1.5ms)[0m  [1m[34mSELECT  "cats".* FROM "cats" WHERE "cats"."id" = $1 LIMIT $2[0m  [["id", 5], ["LIMIT", 1]]
  ↳ app/controllers/cats_controller.rb:8
  Rendering cats/show.html.erb within layouts/application
  Rendered cats/show.html.erb within layouts/application (1.1ms)
Completed 200 OK in 13ms (Views: 9.8ms | ActiveRecord: 1.5ms)


Started GET "/cats/6" for ::1 at 2021-11-12 12:18:37 -0500
Processing by CatsController#show as HTML
  Parameters: {"id"=>"6"}
  [1m[36mCat Load (2.0ms)[0m  [1m[34mSELECT  "cats".* FROM "cats" WHERE "cats"."id" = $1 LIMIT $2[0m  [["id", 6], ["LIMIT", 1]]
  ↳ app/controllers/cats_controller.rb:8
  Rendering cats/show.html.erb within layouts/application
  Rendered cats/show.html.erb within layouts/application (0.6ms)
Completed 200 OK in 7ms (Views: 4.3ms | ActiveRecord: 2.0ms)


Started GET "/cats/7" for ::1 at 2021-11-12 12:18:44 -0500
Processing by CatsController#show as HTML
  Parameters: {"id"=>"7"}
  [1m[36mCat Load (0.7ms)[0m  [1m[34mSELECT  "cats".* FROM "cats" WHERE "cats"."id" = $1 LIMIT $2[0m  [["id", 7], ["LIMIT", 1]]
  ↳ app/controllers/cats_controller.rb:8
  Rendering cats/show.html.erb within layouts/application
  Rendered cats/show.html.erb within layouts/application (0.6ms)
Completed 200 OK in 6ms (Views: 4.2ms | ActiveRecord: 0.7ms)


